#
# There is insufficient memory for the Java Runtime Environment to continue.
# Native memory allocation (mmap) failed to map 132120576 bytes. Error detail: G1 virtual space
# Possible reasons:
#   The system is out of physical RAM or swap space
#   This process is running with CompressedOops enabled, and the Java Heap may be blocking the growth of the native heap
# Possible solutions:
#   Reduce memory load on the system
#   Increase physical memory or swap space
#   Check if swap backing store is full
#   Decrease Java heap size (-Xmx/-Xms)
#   Decrease number of Java threads
#   Decrease Java thread stack sizes (-Xss)
#   Set larger code cache with -XX:ReservedCodeCacheSize=
#   JVM is running with Unscaled Compressed Oops mode in which the Java heap is
#     placed in the first 4GB address space. The Java Heap base address is the
#     maximum limit for the native heap growth. Please use -XX:HeapBaseMinAddress
#     to set the Java Heap base and to place the Java Heap above 4GB virtual address.
# This output file may be truncated or incomplete.
#
#  Out of Memory Error (os_windows.cpp:3703), pid=18528, tid=9872
#
# JRE version:  (23.0.1+11) (build )
# Java VM: Java HotSpot(TM) 64-Bit Server VM (23.0.1+11-39, mixed mode, sharing, tiered, compressed oops, compressed class ptrs, g1 gc, windows-amd64)
# No core dump will be written. Minidumps are not enabled by default on client versions of Windows
#

---------------  S U M M A R Y ------------

Command Line: -Dclassworlds.conf=C:\Program Files\apache-maven-3.9.9\bin\m2.conf -Dmaven.home=C:\Program Files\apache-maven-3.9.9 -Dlibrary.jansi.path=C:\Program Files\apache-maven-3.9.9\lib\jansi-native -Dmaven.multiModuleProjectDirectory=C:\Users\Mattis\Documents\Projekte\Lexware_Task org.codehaus.plexus.classworlds.launcher.Launcher install

Host: Intel(R) Core(TM) i5-3320M CPU @ 2.60GHz, 4 cores, 7G,  Windows 10 , 64 bit Build 19041 (10.0.19041.4957)
Time: Mon Nov 11 15:11:39 2024 Mitteleuropäische Zeit elapsed time: 0.019187 seconds (0d 0h 0m 0s)

---------------  T H R E A D  ---------------

Current thread (0x000001b5a5f2cfb0):  JavaThread "Unknown thread" [_thread_in_vm, id=9872, stack(0x0000007f08300000,0x0000007f08400000) (1024K)]

Stack: [0x0000007f08300000,0x0000007f08400000]
Native frames: (J=compiled Java code, j=interpreted, Vv=VM code, C=native code)
V  [jvm.dll+0x6e08b9]  (no source info available)
V  [jvm.dll+0x87dc83]  (no source info available)
V  [jvm.dll+0x88010e]  (no source info available)
V  [jvm.dll+0x8807e3]  (no source info available)
V  [jvm.dll+0x27aee6]  (no source info available)
V  [jvm.dll+0x6dd1c5]  (no source info available)
V  [jvm.dll+0x6d104a]  (no source info available)
V  [jvm.dll+0x35b3ea]  (no source info available)
V  [jvm.dll+0x3637f6]  (no source info available)
V  [jvm.dll+0x34fd5e]  (no source info available)
V  [jvm.dll+0x34fff8]  (no source info available)
V  [jvm.dll+0x3289cc]  (no source info available)
V  [jvm.dll+0x32966e]  (no source info available)
V  [jvm.dll+0x844355]  (no source info available)
V  [jvm.dll+0x3b9848]  (no source info available)
V  [jvm.dll+0x82d14c]  (no source info available)
V  [jvm.dll+0x454d4e]  (no source info available)
V  [jvm.dll+0x456bd1]  (no source info available)
C  [jli.dll+0x52a3]  (no source info available)
C  [ucrtbase.dll+0x21bb2]  (no source info available)
C  [KERNEL32.DLL+0x17374]  (no source info available)
C  [ntdll.dll+0x4cc91]  (no source info available)

Lock stack of current Java thread (top to bottom):


---------------  P R O C E S S  ---------------

Threads class SMR info:
_java_thread_list=0x00007ffc49b43618, length=0, elements={
}

Java Threads: ( => current thread )
Total: 0

Other Threads:
  0x000001b5a81851a0 WorkerThread "GC Thread#0"                     [id=21592, stack(0x0000007f08400000,0x0000007f08500000) (1024K)]
  0x000001b5a8199cc0 ConcurrentGCThread "G1 Main Marker"            [id=19848, stack(0x0000007f08500000,0x0000007f08600000) (1024K)]
  0x000001b5a819bbe0 WorkerThread "G1 Conc#0"                       [id=14744, stack(0x0000007f08600000,0x0000007f08700000) (1024K)]

[error occurred during error reporting (printing all threads), id 0xc0000005, EXCEPTION_ACCESS_VIOLATION (0xc0000005) at pc=0x00007ffc4928bfba]
VM state: not at safepoint (not fully initialized)

VM Mutex/Monitor currently owned by a thread:  ([mutex/lock_event])
[0x00007ffc49bc3a10] Heap_lock - owner thread: 0x000001b5a5f2cfb0

Heap address: 0x0000000082c00000, size: 2004 MB, Compressed Oops mode: 32-bit

CDS archive(s) mapped at: [0x0000000000000000-0x0000000000000000-0x0000000000000000), size 0, SharedBaseAddress: 0x0000000800000000, ArchiveRelocationMode: 1.
Narrow klass base: 0x0000000000000000, Narrow klass shift: 0, Narrow klass range: 0x0

GC Precious Log:
 CardTable entry size: 512
 Card Set container configuration: InlinePtr #cards 5 size 8 Array Of Cards #cards 10 size 36 Howl #buckets 4 coarsen threshold 1843 Howl Bitmap #cards 512 size 80 coarsen threshold 460 Card regions per heap region 1 cards per card region 2048

Heap:
 garbage-first heap   total reserved 2052096K, committed 0K, used 0K [0x0000000082c00000, 0x0000000100000000)
  region size 1024K, 0 young (0K), 0 survivors (0K)

[error occurred during error reporting (printing heap information), id 0xc0000005, EXCEPTION_ACCESS_VIOLATION (0xc0000005) at pc=0x00007ffc4968c3c9]
GC Heap History (0 events):
No events

Dll operation events (1 events):
Event: 0.011 Loaded shared library C:\Program Files\jdk-23.0.1\bin\java.dll

Deoptimization events (0 events):
No events

Classes loaded (0 events):
No events

Classes unloaded (0 events):
No events

Classes redefined (0 events):
No events

Internal exceptions (0 events):
No events

VM Operations (0 events):
No events

Memory protections (0 events):
No events

Nmethod flushes (0 events):
No events

Events (0 events):
No events


Dynamic libraries:
0x00007ff777650000 - 0x00007ff777660000 	C:\Program Files\jdk-23.0.1\bin\java.exe
0x00007ffcccff0000 - 0x00007ffccd1e8000 	C:\WINDOWS\SYSTEM32\ntdll.dll
0x00007ffccb260000 - 0x00007ffccb322000 	C:\WINDOWS\System32\KERNEL32.DLL
0x00007ffcca690000 - 0x00007ffcca98e000 	C:\WINDOWS\System32\KERNELBASE.dll
0x00007ffccab80000 - 0x00007ffccac80000 	C:\WINDOWS\System32\ucrtbase.dll
0x00007ffcb3660000 - 0x00007ffcb367b000 	C:\Program Files\jdk-23.0.1\bin\VCRUNTIME140.dll
0x00007ffcb3020000 - 0x00007ffcb3037000 	C:\Program Files\jdk-23.0.1\bin\jli.dll
0x00007ffccc030000 - 0x00007ffccc1cd000 	C:\WINDOWS\System32\USER32.dll
0x00007ffcb89d0000 - 0x00007ffcb8c6a000 	C:\WINDOWS\WinSxS\amd64_microsoft.windows.common-controls_6595b64144ccf1df_6.0.19041.4355_none_60b8b9eb71f62e16\COMCTL32.dll
0x00007ffccae50000 - 0x00007ffccae72000 	C:\WINDOWS\System32\win32u.dll
0x00007ffccc2e0000 - 0x00007ffccc30b000 	C:\WINDOWS\System32\GDI32.dll
0x00007ffcccd00000 - 0x00007ffcccd9e000 	C:\WINDOWS\System32\msvcrt.dll
0x00007ffccad30000 - 0x00007ffccae47000 	C:\WINDOWS\System32\gdi32full.dll
0x00007ffccaed0000 - 0x00007ffccaf6d000 	C:\WINDOWS\System32\msvcp_win.dll
0x00007ffccc2b0000 - 0x00007ffccc2df000 	C:\WINDOWS\System32\IMM32.DLL
0x00007ffcb7d90000 - 0x00007ffcb7d9c000 	C:\Program Files\jdk-23.0.1\bin\vcruntime140_1.dll
0x00007ffca85d0000 - 0x00007ffca865e000 	C:\Program Files\jdk-23.0.1\bin\msvcp140.dll
0x00007ffc48f50000 - 0x00007ffc49c9f000 	C:\Program Files\jdk-23.0.1\bin\server\jvm.dll
0x00007ffccc310000 - 0x00007ffccc3c2000 	C:\WINDOWS\System32\ADVAPI32.dll
0x00007ffccb020000 - 0x00007ffccb0c0000 	C:\WINDOWS\System32\sechost.dll
0x00007ffcccda0000 - 0x00007ffcccec3000 	C:\WINDOWS\System32\RPCRT4.dll
0x00007ffccaf70000 - 0x00007ffccaf97000 	C:\WINDOWS\System32\bcrypt.dll
0x00007ffcccae0000 - 0x00007ffcccb4b000 	C:\WINDOWS\System32\WS2_32.dll
0x00007ffcc9bc0000 - 0x00007ffcc9c0b000 	C:\WINDOWS\SYSTEM32\POWRPROF.dll
0x00007ffcb8ed0000 - 0x00007ffcb8ef7000 	C:\WINDOWS\SYSTEM32\WINMM.dll
0x00007ffcc1770000 - 0x00007ffcc177a000 	C:\WINDOWS\SYSTEM32\VERSION.dll
0x00007ffcc9a90000 - 0x00007ffcc9aa2000 	C:\WINDOWS\SYSTEM32\UMPDC.dll
0x00007ffcc8510000 - 0x00007ffcc8522000 	C:\WINDOWS\SYSTEM32\kernel.appcore.dll
0x00007ffcb7bb0000 - 0x00007ffcb7bba000 	C:\Program Files\jdk-23.0.1\bin\jimage.dll
0x00007ffcc7b80000 - 0x00007ffcc7d64000 	C:\WINDOWS\SYSTEM32\DBGHELP.DLL
0x00007ffcb21a0000 - 0x00007ffcb21d4000 	C:\WINDOWS\SYSTEM32\dbgcore.DLL
0x00007ffccaaf0000 - 0x00007ffccab72000 	C:\WINDOWS\System32\bcryptPrimitives.dll
0x00007ffcb2560000 - 0x00007ffcb257e000 	C:\Program Files\jdk-23.0.1\bin\java.dll
0x00007ffccb330000 - 0x00007ffccb45b000 	C:\WINDOWS\System32\ole32.dll
0x00007ffccbcd0000 - 0x00007ffccc023000 	C:\WINDOWS\System32\combase.dll
0x00007ffccb560000 - 0x00007ffccbccf000 	C:\WINDOWS\System32\SHELL32.dll

dbghelp: loaded successfully - version: 4.0.5 - missing functions: none
symbol engine: initialized successfully - sym options: 0x614 - pdb path: .;C:\Program Files\jdk-23.0.1\bin;C:\WINDOWS\SYSTEM32;C:\WINDOWS\WinSxS\amd64_microsoft.windows.common-controls_6595b64144ccf1df_6.0.19041.4355_none_60b8b9eb71f62e16;C:\Program Files\jdk-23.0.1\bin\server

VM Arguments:
jvm_args: -Dclassworlds.conf=C:\Program Files\apache-maven-3.9.9\bin\m2.conf -Dmaven.home=C:\Program Files\apache-maven-3.9.9 -Dlibrary.jansi.path=C:\Program Files\apache-maven-3.9.9\lib\jansi-native -Dmaven.multiModuleProjectDirectory=C:\Users\Mattis\Documents\Projekte\Lexware_Task 
java_command: org.codehaus.plexus.classworlds.launcher.Launcher install
java_class_path (initial): C:\Program Files\apache-maven-3.9.9\boot\plexus-classworlds-2.8.0.jar
Launcher Type: SUN_STANDARD

[Global flags]
     intx CICompilerCount                          = 3                                         {product} {ergonomic}
     uint ConcGCThreads                            = 1                                         {product} {ergonomic}
     uint G1ConcRefinementThreads                  = 4                                         {product} {ergonomic}
   size_t G1HeapRegionSize                         = 1048576                                   {product} {ergonomic}
   size_t InitialHeapSize                          = 132120576                                 {product} {ergonomic}
   size_t MarkStackSize                            = 4194304                                   {product} {ergonomic}
   size_t MarkStackSizeMax                         = 536870912                                 {product} {ergonomic}
   size_t MaxHeapSize                              = 2101346304                                {product} {ergonomic}
   size_t MinHeapDeltaBytes                        = 1048576                                   {product} {ergonomic}
   size_t MinHeapSize                              = 8388608                                   {product} {ergonomic}
    uintx NonNMethodCodeHeapSize                   = 5832704                                {pd product} {ergonomic}
    uintx NonProfiledCodeHeapSize                  = 122945536                              {pd product} {ergonomic}
    uintx ProfiledCodeHeapSize                     = 122880000                              {pd product} {ergonomic}
    uintx ReservedCodeCacheSize                    = 251658240                              {pd product} {ergonomic}
     bool SegmentedCodeCache                       = true                                      {product} {ergonomic}
   size_t SoftMaxHeapSize                          = 2101346304                             {manageable} {ergonomic}
     bool UseCompressedOops                        = true                           {product lp64_product} {ergonomic}
     bool UseG1GC                                  = true                                      {product} {ergonomic}
     bool UseLargePagesIndividualAllocation        = false                                  {pd product} {ergonomic}

Logging:
Log output configuration:
 #0: stdout all=warning uptime,level,tags foldmultilines=false
 #1: stderr all=off uptime,level,tags foldmultilines=false

Environment Variables:
JAVA_HOME=C:\Program Files\jdk-23.0.1
PATH=C:\Program Files (x86)\Common Files\Oracle\Java\javapath;C:\WINDOWS\system32;C:\WINDOWS;C:\WINDOWS\System32\Wbem;C:\WINDOWS\System32\WindowsPowerShell\v1.0\;C:\WINDOWS\System32\OpenSSH\;C:\TDM-GCC-64\bin;C:\Program Files (x86)\Windows Live\Shared;C:\Program Files\dotnet\;C:\Program Files\MATLAB\R2021a\bin;C:\Program Files\MATLAB\R2019b\bin;C:\Program Files\TortoiseGit\bin;C:\Program Files\PuTTY\;C:\Program Files\nodejs\;C:\Program Files (x86)\ZeroTier\One\;C:\Users\Mattis\AppData\Local\Programs\Python\Python39\Scripts\;C:\Users\Mattis\AppData\Local\Programs\Python\Python39\;C:\Users\Mattis\AppData\Local\Microsoft\WindowsApps;C:\Users\Mattis\AppData\Local\Microsoft\WindowsApps;C:\Users\Mattis\AppData\Local\Programs\Microsoft VS Code\bin;C:\Users\Mattis\AppData\Local\Programs\Git\cmd;C:\Users\Mattis\AppData\Roaming\npm;C:\Program Files\JetBrains\IntelliJ IDEA 2024.2.4\bin;;C:\Program Files\apache-maven-3.9.9\bin;C:\Program Files\jdk-23.0.1\bin;
USERNAME=Mattis
OS=Windows_NT
PROCESSOR_IDENTIFIER=Intel64 Family 6 Model 58 Stepping 9, GenuineIntel
TMP=C:\Users\Mattis\AppData\Local\Temp
TEMP=C:\Users\Mattis\AppData\Local\Temp




Periodic native trim disabled

---------------  S Y S T E M  ---------------

OS:
 Windows 10 , 64 bit Build 19041 (10.0.19041.4957)
OS uptime: 4 days 5:28 hours

CPU: total 4 (initial active 4) (2 cores per cpu, 2 threads per core) family 6 model 58 stepping 9 microcode 0x21, cx8, cmov, fxsr, ht, mmx, sse, sse2, sse3, ssse3, sse4.1, sse4.2, popcnt, tsc, tscinvbit, avx, aes, erms, clmul, vzeroupper, clflush, rdtscp, f16c
Processor Information for the first 4 processors :
  Max Mhz: 2601, Current Mhz: 2601, Mhz Limit: 2601

Memory: 4k page, system-wide physical 8011M (738M free)
TotalPageFile size 15997M (AvailPageFile size 114M)
current process WorkingSet (physical memory assigned to process): 11M, peak: 11M
current process commit charge ("private bytes"): 52M, peak: 178M

vm_info: Java HotSpot(TM) 64-Bit Server VM (23.0.1+11-39) for windows-amd64 JRE (23.0.1+11-39), built on 2024-09-30T07:20:43Z with MS VC++ 17.6 (VS2022)

END.
